<?xml version="1.0" encoding="UTF-8"?>
<testsuite name="Fill Data in Spread Sheet" tests="1" skipped="0" failures="0" errors="0" timestamp="2024-05-25T04:18:21" hostname="DESKTOP-4V0UC4E" time="0.454">
  <properties/>
  <testcase name="Fill Data in Spread Sheet" classname="Fill Data in Spread Sheet" time="0.454"/>
  <system-out><![CDATA[]]></system-out>
  <system-err><![CDATA[]]></system-err>
</testsuite>
