<?xml version="1.0" encoding="UTF-8"?>
<testsuite name="runners.FillData" tests="0" skipped="0" failures="0" errors="0" timestamp="1970-01-01T00:00:00" hostname="DESKTOP-4V0UC4E" time="0.0">
  <properties/>
  <system-out><![CDATA[12:36:03.824 [Test worker] WARN io.cucumber.junit.CucumberSerenityRunner - By default Cucumber is running in --non-strict mode.
This default will change to --strict and --non-strict will be removed.
You can use --strict or @CucumberOptions(strict = true) to suppress this warning
12:36:04.590 [Test worker] INFO io.cucumber.core.plugin.SerenityReporter - Running feature from file:///D:/7.AUTOMATION/FillDataInSpreadSheet/src/test/resources/features/fill_data.feature
12:36:04.590 [Test worker] WARN io.cucumber.core.plugin.SerenityReporter - Feature from file:///D:/7.AUTOMATION/FillDataInSpreadSheet/src/test/resources/features/fill_data.feature is not under the 'features' directory. Requirements report will not be correctly generated!
12:36:04.942 [Test worker] INFO  - 

-------------------------------------------------------------------------------------
     _______. _______ .______       _______ .__   __.  __  .___________.____    ____ 
    /       ||   ____||   _  \     |   ____||  \ |  | |  | |           |\   \  /   / 
   |   (----`|  |__   |  |_)  |    |  |__   |   \|  | |  | `---|  |----` \   \/   /  
    \   \    |   __|  |      /     |   __|  |  . `  | |  |     |  |       \_    _/   
.----)   |   |  |____ |  |\  \----.|  |____ |  |\   | |  |     |  |         |  |     
|_______/    |_______|| _| `._____||_______||__| \__| |__|     |__|         |__|    
                                                                                     
 News and tutorials at http://www.serenity-bdd.info                                  
 Documentation at https://wakaleo.gitbooks.io/the-serenity-book/content/             
 Join the Serenity Community on Gitter: https://gitter.im/serenity-bdd/serenity-core 
 Serenity BDD Support and Training at http://serenity-bdd.info/#/trainingandsupport  
-------------------------------------------------------------------------------------

12:36:04.948 [Test worker] DEBUG net.thucydides.core.steps.StepEventBus - Test suite started for story net.thucydides.core.model.Story@e7394056
12:36:04.953 [Test worker] INFO  - Test Suite Started: Fill Data in Spread Sheet

1 Scenarios (?[32m1 passed?[0m)
3 Steps (?[32m3 passed?[0m)
0m2,471s


12:36:07.067 [Test worker] DEBUG net.thucydides.core.reports.ReportService - Reporting formats: [JSON, HTML]
12:36:07.181 [Test worker] DEBUG net.thucydides.core.reports.ReportService - Reporting formats: [JSON, HTML]
12:36:07.192 [Test worker] DEBUG net.thucydides.core.reports.ReportService - Generating reports for 1 test outcomes using: net.thucydides.core.reports.json.JSONTestOutcomeReporter@509a6095
12:36:07.194 [pool-1-thread-1] DEBUG net.thucydides.core.reports.ReportService - Processing test outcome Fill Data in Spread Sheet:Fill Data in Spread Sheet
12:36:07.195 [pool-1-thread-1] DEBUG net.thucydides.core.reports.ReportService - net.thucydides.core.reports.json.JSONTestOutcomeReporter@509a6095: Generating report for test outcome: Fill Data in Spread Sheet:Fill Data in Spread Sheet
12:36:07.210 [pool-1-thread-1] DEBUG net.thucydides.core.reports.json.JSONTestOutcomeReporter - Generating JSON report for Fill Data in Spread Sheet to file D:\7.AUTOMATION\FillDataInSpreadSheet\target\site\serenity\d3e388eabbafe23a10e024ef733329279be5c624bbb56338d07ba9f034e8aac6.json (using temp file D:\7.AUTOMATION\FillDataInSpreadSheet\target\site\serenity\d3e388eabbafe23a10e024ef733329279be5c624bbb56338d07ba9f034e8aac6.jsonaf1501b4-28a2-45f2-9fb4-06c91d760304)
12:36:07.254 [pool-1-thread-1] DEBUG net.thucydides.core.reports.ReportService - Processing test outcome Fill Data in Spread Sheet:Fill Data in Spread Sheet done
12:36:07.255 [Test worker] DEBUG net.thucydides.core.reports.ReportService - Shutting down executor service
12:36:07.255 [Test worker] DEBUG net.thucydides.core.reports.ReportService - Reports generated in: 62 ms
12:36:07.255 [Test worker] DEBUG net.thucydides.core.reports.ReportService - Generating reports for 1 test outcomes using: net.thucydides.core.reports.html.HtmlAcceptanceTestReporter@19526f1d
12:36:07.256 [pool-2-thread-1] DEBUG net.thucydides.core.reports.ReportService - Processing test outcome Fill Data in Spread Sheet:Fill Data in Spread Sheet
12:36:07.256 [pool-2-thread-1] DEBUG net.thucydides.core.reports.ReportService - net.thucydides.core.reports.html.HtmlAcceptanceTestReporter@19526f1d: Generating report for test outcome: Fill Data in Spread Sheet:Fill Data in Spread Sheet
12:36:07.257 [pool-2-thread-1] DEBUG net.thucydides.core.reports.html.HtmlAcceptanceTestReporter - GENERATE TEST OUTCOME REPORT FOR Fill Data in Spread Sheet in d3e388eabbafe23a10e024ef733329279be5c624bbb56338d07ba9f034e8aac6
12:36:07.287 [pool-2-thread-1] DEBUG net.thucydides.core.requirements.model.cucumber.CucumberParser - Added feature Fill Data in Spread Sheet
12:36:07.288 [pool-2-thread-1] DEBUG net.thucydides.core.requirements.RequirementsTagProvider -  found:[Requirement{name='Fill Data in Spread Sheet', type='feature' parent = 'null', cardNumber='null'}]
12:36:07.297 [pool-2-thread-1] DEBUG net.thucydides.core.requirements.BaseRequirementsService - Requirement found for test outcome Fill Data in Spread Sheet-[]: Optional[Requirement{name='Fill Data in Spread Sheet', type='feature' parent = 'null', cardNumber='null'}]
12:36:07.299 [pool-2-thread-1] DEBUG net.thucydides.core.requirements.BaseRequirementsService - Requirement found for test outcome Fill Data in Spread Sheet-[]: Optional[Requirement{name='Fill Data in Spread Sheet', type='feature' parent = 'null', cardNumber='null'}]
12:36:07.404 [pool-2-thread-1] DEBUG net.thucydides.core.reports.html.HtmlAcceptanceTestReporter - GENERATING HTML REPORT FOR Fill Data in Spread Sheet:Fill Data in Spread Sheet in d3e388eabbafe23a10e024ef733329279be5c624bbb56338d07ba9f034e8aac6.html in directory target\site\serenity  
12:36:07.408 [pool-2-thread-1] DEBUG net.thucydides.core.reports.html.HtmlAcceptanceTestReporter - Generating report in d3e388eabbafe23a10e024ef733329279be5c624bbb56338d07ba9f034e8aac6.html
12:36:08.135 [pool-2-thread-1] DEBUG net.thucydides.core.reports.html.HtmlAcceptanceTestReporter - Generated report d3e388eabbafe23a10e024ef733329279be5c624bbb56338d07ba9f034e8aac6.html in 727 ms
12:36:08.136 [pool-2-thread-1] DEBUG net.thucydides.core.reports.ReportService - Processing test outcome Fill Data in Spread Sheet:Fill Data in Spread Sheet done
12:36:08.136 [Test worker] DEBUG net.thucydides.core.reports.ReportService - Shutting down executor service
12:36:08.136 [Test worker] DEBUG net.thucydides.core.reports.ReportService - Reports generated in: 881 ms
]]></system-out>
  <system-err><![CDATA[]]></system-err>
</testsuite>
